[Licensing::Module] Trying to connect to existing licensing client channel...
Built from '6000.4/staging' branch; Version is '6000.4.0f1 (8cf496087c8f) revision 9237654'; Using compiler version '194234433'; Build Type 'Release'
OS: 'Windows 11  (10.0.26200) Professional' Language: 'pt' Physical Memory: 16269 MB
[Licensing::IpcConnector] Successfully connected to: "LicenseClient-Administrador" at "2026-03-27T14:48:50.8616703Z"
BatchMode: 1, IsHumanControllingUs: 0, StartBugReporterOnCrash: 0, Is64bit: 1
System  architecture: x64
Process architecture: x64
Date: 2026-03-27T14:48:50Z

COMMAND LINE ARGUMENTS:
C:\Program Files\Unity\Hub\Editor\6000.4.0f1\Editor\Unity.exe
-adb2
-batchMode
-noUpm
-name
AssetImportWorker5
-projectPath
C:/Users/Public/My project (1)
-logFile
Logs/AssetImportWorker5.log
-srvPort
58767
-licensingIpc
LicenseClient-Administrador
-force-d3d12
-job-worker-count
5
-background-job-worker-count
8
-gc-helper-count
1
-name
AssetImport
Successfully changed project path to: C:/Users/Public/My project (1)
C:/Users/Public/My project (1)
[UnityMemory] Configuration Parameters - Can be set up in boot.config
    "memorysetup-temp-allocator-size-gi-baking-worker=262144"
    "memorysetup-temp-allocator-size-gi-baking-worker=262144"
    "memorysetup-temp-allocator-size-gi-baking-worker=262144"
    "memorysetup-temp-allocator-size-gi-baking-worker=262144"
    "memorysetup-temp-allocator-size-gi-baking-worker=262144"
    "memorysetup-temp-allocator-size-nav-mesh-worker=65536"
    "memorysetup-temp-allocator-size-audio-worker=65536"
    "memorysetup-temp-allocator-size-cloud-worker=32768"
    "memorysetup-temp-allocator-size-gfx=262144"
    "memorysetup-temp-allocator-size-preload-manager=33554432"
    "memorysetup-temp-allocator-size-job-worker=262144"
    "memorysetup-temp-allocator-size-background-worker=32768"
    "memorysetup-allocator-temp-initial-block-size-main=262144"
    "memorysetup-allocator-temp-initial-block-size-worker=262144"
    "memorysetup-bucket-allocator-granularity=16"
    "memorysetup-bucket-allocator-bucket-count=8"
    "memorysetup-bucket-allocator-block-size=33554432"
    "memorysetup-bucket-allocator-block-count=8"
    "memorysetup-main-allocator-block-size=16777216"
    "memorysetup-thread-allocator-block-size=16777216"
    "memorysetup-gfx-main-allocator-block-size=16777216"
    "memorysetup-gfx-thread-allocator-block-size=16777216"
    "memorysetup-cache-allocator-block-size=4194304"
    "memorysetup-typetree-allocator-block-size=2097152"
    "memorysetup-profiler-bucket-allocator-granularity=16"
    "memorysetup-profiler-bucket-allocator-bucket-count=8"
    "memorysetup-profiler-bucket-allocator-block-size=33554432"
    "memorysetup-profiler-bucket-allocator-block-count=8"
    "memorysetup-profiler-allocator-block-size=16777216"
    "memorysetup-profiler-editor-allocator-block-size=1048576"
    "memorysetup-temp-allocator-size-main=16777216"
    "memorysetup-job-temp-allocator-block-size=2097152"
    "memorysetup-job-temp-allocator-block-size-background=1048576"
    "memorysetup-job-temp-allocator-reduction-small-platforms=262144"
Player connection [24356]  Target information:

Player connection [24356]  * "[IP] 192.168.1.124 [Port] 0 [Flags] 2 [Guid] 2923476088 [EditorId] 2923476088 [Version] 1048832 [Id] WindowsEditor(7,Gabriel-Orsatto) [Debug] 1 [PackageName] WindowsEditor [ProjectName] Editor" 

Player connection [24356]  * "[IP] 26.139.88.239 [Port] 0 [Flags] 2 [Guid] 2923476088 [EditorId] 2923476088 [Version] 1048832 [Id] WindowsEditor(7,Gabriel-Orsatto) [Debug] 1 [PackageName] WindowsEditor [ProjectName] Editor" 

Player connection [24356]  * "[IP] 172.25.32.1 [Port] 0 [Flags] 2 [Guid] 2923476088 [EditorId] 2923476088 [Version] 1048832 [Id] WindowsEditor(7,Gabriel-Orsatto) [Debug] 1 [PackageName] WindowsEditor [ProjectName] Editor" 

Player connection [24356] Host joined multi-casting on [225.0.0.222:54997]...
Player connection [24356] Host joined alternative multi-casting on [225.0.0.222:34997]...
JobSystem: Creating JobQueue using job-worker-count value 5
Input System module state changed to: Initialized.
[Physics::Module] Initialized fallback backend.
[Physics::Module] Id: 0xdecafbad
Library Redirect Path: Library/
[Physics::Module] Selected backend.
[Physics::Module] Name: PhysX
[Physics::Module] Id: 0xf2b8ea05
[Physics::Module] SDK Version: 4.1.2
[Physics::Module] Integration Version: 1.0.0
[Physics::Module] Threading Mode: Multi-Threaded
Refreshing native plugins compatible for Editor in 12.57 ms, found 3 plugins.
Initialize engine version: 6000.4.0f1 (8cf496087c8f)
[Subsystems] Discovering subsystems at path C:/Program Files/Unity/Hub/Editor/6000.4.0f1/Editor/Data/Resources/UnitySubsystems
[Subsystems] Discovering subsystems at path C:/Users/Public/My project (1)/Assets
Forcing GfxDevice: Direct3D 12
GfxDevice: creating device client; kGfxThreadingModeNonThreaded
d3d12: failed to query info queue interface (0x80004002).
Direct3D:
    Version:         Direct3D 12 [level 12.2]
    Renderer:        NVIDIA GeForce RTX 3050 (ID=0x2582)
    Vendor:          NVIDIA
    VRAM:            8042 MB
    App VRAM Budget: 7274 MB
    Driver:          32.0.15.7700
Initialize mono
Mono path[0] = 'C:/Program Files/Unity/Hub/Editor/6000.4.0f1/Editor/Data/Managed'
Mono path[1] = 'C:/Program Files/Unity/Hub/Editor/6000.4.0f1/Editor/Data/MonoBleedingEdge/lib/mono/unityjit-win32'
Mono config path = 'C:/Program Files/Unity/Hub/Editor/6000.4.0f1/Editor/Data/MonoBleedingEdge/etc'
Using monoOptions --debugger-agent=transport=dt_socket,embedding=1,server=y,suspend=n,address=127.0.0.1:56500
CodeReloadManager initialized
Begin MonoManager ReloadAssembly
Registering precompiled unity dll's ...
Register platform support module: C:/Program Files/Unity/Hub/Editor/6000.4.0f1/Editor/Data/PlaybackEngines/WebGLSupport/UnityEditor.WebGL.Extensions.dll
Register platform support module: C:/Program Files/Unity/Hub/Editor/6000.4.0f1/Editor/Data/PlaybackEngines/WindowsStandaloneSupport/UnityEditor.WindowsStandalone.Extensions.dll
Registered in 0.005339 seconds.
[Licensing::Client] Error: HandshakeResponse reported an error:
	ResponseCode: 505
	ResponseStatus: Unsupported protocol version '1.18.1'.
[Licensing::Module] Error: Failed to handshake to channel: "LicenseClient-Administrador"
[Licensing::IpcConnector] LicenseClient-Administrador channel disconnected successfully.
[Licensing::IpcConnector] Successfully connected to: "LicenseClient-Administrador-6000.4.0" at "2026-03-27T14:48:53.1780708Z"
Native extension for WindowsStandalone target not found
Native extension for WebGL target not found
Package Manager log level set to [2]
[Package Manager] Failed to launch server process. Reason: Unity was launched with the -noUpm command-line argument
[Package Manager] Unable to send message (not connected to server process).
[Package Manager] Cannot connect to Unity Package Manager local server
ScheduleIndexationOnStartup MainProcess:False IndexOnStartup:True
Mono: successfully reloaded assembly
- Finished resetting the current domain, in  0.735 seconds
Domain Reload Profiling: 1626ms
	BeginReloadAssembly (221ms)
	RebuildCommonClasses (75ms)
	RebuildNativeTypeToScriptingClass (21ms)
	initialDomainReloadingComplete (132ms)
	LoadAllAssembliesAndSetupDomain (441ms)
		LoadAssemblies (208ms)
		AnalyzeDomain (422ms)
			TypeCache.Refresh (420ms)
				TypeCache.ScanAssembly (389ms)
	FinalizeReload (737ms)
		SetupLoadedEditorAssemblies (0ms)
			InitializePlatformSupportModulesInManaged (83ms)
			BeforeProcessingInitializeOnLoad (150ms)
			ProcessInitializeOnLoadAttributes (189ms)
			ProcessInitializeOnLoadMethodAttributes (162ms)
Assembly reference Packages/com.unity.cinemachine/Editor/Samples/ExposeHDRPInternals/HDRP-Editor-ref.asmref has no target assembly definition
========================================================================
Worker process is ready to serve import requests
Import Worker Mode flag is 0x00
Assembly reference Packages/com.unity.cinemachine/Editor/Samples/ExposeHDRPInternals/HDRP-Editor-ref.asmref has no target assembly definition
Assembly reference Packages/com.unity.cinemachine/Editor/Samples/ExposeHDRPInternals/HDRP-Editor-ref.asmref has no target assembly definition
Begin MonoManager ReloadAssembly
[Licensing::Module] Licensing is not yet initialized.
[Licensing::Client] Handshaking with LicensingClient:
  Version:                 1.18.1+9fbee8e
  Session Id:              78f90a0663cd4924b9337e886ed80cc6
  Correlation Id:          0d9d95c8596b80aff4847b8e332f3184
  External correlation Id: 5972236403581202683
  Machine Id:              gTtab/XRgQWc8xckczYyk5vfbCQ=
[Licensing::Module] Successfully connected to LicensingClient on channel: "LicenseClient-Administrador-6000.4.0" (connect: 0.00s, validation: 0.00s, handshake: 1.71s)
[Licensing::IpcConnector] Successfully connected to: "LicenseClient-Administrador-6000.4.0-notifications" at "2026-03-27T14:48:54.8897662Z"
[Licensing::Module] Licensing Background thread has ended after 4.03s
[Licensing::Module] Licensing is initialized (took 0.09s).
[Licensing::Client] Successfully resolved entitlement details
[Licensing::Module] License group:
  Id: 4674181003784-UnityPersXXXX
  Product: Unity Personal
  Type: Assigned
  Expiration: Unlimited
Assembly Assembly-CSharp-Editor-firstpass.dll at Library/ScriptAssemblies/Assembly-CSharp-Editor-firstpass.dll not valid. Loading of assembly skipped.
Assembly Assembly-CSharp-Editor.dll at Library/ScriptAssemblies/Assembly-CSharp-Editor.dll not valid. Loading of assembly skipped.
Assembly Assembly-CSharp-firstpass.dll at Library/ScriptAssemblies/Assembly-CSharp-firstpass.dll not valid. Loading of assembly skipped.
Assembly DocCodeExamples.dll at Library/ScriptAssemblies/DocCodeExamples.dll not valid. Loading of assembly skipped.
Assembly TestNewCustomAssembly.dll at Library/ScriptAssemblies/TestNewCustomAssembly.dll not valid. Loading of assembly skipped.
Assembly Unity.Collections.BurstCompatibilityGen.dll at Library/ScriptAssemblies/Unity.Collections.BurstCompatibilityGen.dll not valid. Loading of assembly skipped.
Assembly Unity.Collections.DocCodeSamples.dll at Library/ScriptAssemblies/Unity.Collections.DocCodeSamples.dll not valid. Loading of assembly skipped.
Assembly Unity.Collections.PerformanceTests.dll at Library/ScriptAssemblies/Unity.Collections.PerformanceTests.dll not valid. Loading of assembly skipped.
Assembly Unity.Collections.Tests.dll at Library/ScriptAssemblies/Unity.Collections.Tests.dll not valid. Loading of assembly skipped.
Assembly Unity.Collections.Tests.Playmode.dll at Library/ScriptAssemblies/Unity.Collections.Tests.Playmode.dll not valid. Loading of assembly skipped.
Assembly Unity.InputSystem.IntegrationTests.dll at Library/ScriptAssemblies/Unity.InputSystem.IntegrationTests.dll not valid. Loading of assembly skipped.
Assembly Unity.Mathematics.Tests.dll at Library/ScriptAssemblies/Unity.Mathematics.Tests.dll not valid. Loading of assembly skipped.
Assembly Unity.Multiplayer.Center.Editor.Tests.dll at Library/ScriptAssemblies/Unity.Multiplayer.Center.Editor.Tests.dll not valid. Loading of assembly skipped.
Assembly Unity.Multiplayer.Center.Tests.dll at Library/ScriptAssemblies/Unity.Multiplayer.Center.Tests.dll not valid. Loading of assembly skipped.
Assembly Unity.Nuget.Mono-Cecil.dll at Library/ScriptAssemblies/Unity.Nuget.Mono-Cecil.dll not valid. Loading of assembly skipped.
Assembly Unity.PathTracing.Editor.Tests.dll at Library/ScriptAssemblies/Unity.PathTracing.Editor.Tests.dll not valid. Loading of assembly skipped.
Assembly Unity.PathTracing.Runtime.Tests.dll at Library/ScriptAssemblies/Unity.PathTracing.Runtime.Tests.dll not valid. Loading of assembly skipped.
Assembly Unity.RenderPipelines.Core.Editor.Tests.dll at Library/ScriptAssemblies/Unity.RenderPipelines.Core.Editor.Tests.dll not valid. Loading of assembly skipped.
Assembly Unity.RenderPipelines.Core.Runtime.Tests.dll at Library/ScriptAssemblies/Unity.RenderPipelines.Core.Runtime.Tests.dll not valid. Loading of assembly skipped.
Assembly Unity.RenderPipelines.Universal.Config.Editor.Tests.dll at Library/ScriptAssemblies/Unity.RenderPipelines.Universal.Config.Editor.Tests.dll not valid. Loading of assembly skipped.
Assembly Unity.RenderPipelines.Universal.Editor.Tests.dll at Library/ScriptAssemblies/Unity.RenderPipelines.Universal.Editor.Tests.dll not valid. Loading of assembly skipped.
Assembly Unity.RenderPipelines.Universal.Runtime.Tests.dll at Library/ScriptAssemblies/Unity.RenderPipelines.Universal.Runtime.Tests.dll not valid. Loading of assembly skipped.
Assembly Unity.Searcher.EditorTests.dll at Library/ScriptAssemblies/Unity.Searcher.EditorTests.dll not valid. Loading of assembly skipped.
Assembly Unity.Settings.Tests.dll at Library/ScriptAssemblies/Unity.Settings.Tests.dll not valid. Loading of assembly skipped.
Assembly Unity.ShaderGraph.Editor.Tests.dll at Library/ScriptAssemblies/Unity.ShaderGraph.Editor.Tests.dll not valid. Loading of assembly skipped.
Assembly Unity.TextMeshPro.Editor.Tests.dll at Library/ScriptAssemblies/Unity.TextMeshPro.Editor.Tests.dll not valid. Loading of assembly skipped.
Assembly Unity.TextMeshPro.Tests.dll at Library/ScriptAssemblies/Unity.TextMeshPro.Tests.dll not valid. Loading of assembly skipped.
Assembly Unity.UnifiedRayTracing.Editor.Tests.dll at Library/ScriptAssemblies/Unity.UnifiedRayTracing.Editor.Tests.dll not valid. Loading of assembly skipped.
Assembly UnityEditor.UI.Common.Tests.dll at Library/ScriptAssemblies/UnityEditor.UI.Common.Tests.dll not valid. Loading of assembly skipped.
Assembly UnityEditor.UI.EditorTests.dll at Library/ScriptAssemblies/UnityEditor.UI.EditorTests.dll not valid. Loading of assembly skipped.
Assembly UnityEngine.UI.Tests.dll at Library/ScriptAssemblies/UnityEngine.UI.Tests.dll not valid. Loading of assembly skipped.
Assembly reference Packages/com.unity.cinemachine/Editor/Samples/ExposeHDRPInternals/HDRP-Editor-ref.asmref has no target assembly definition
'Packages/com.unity.cinemachine/Editor/Obsolete/CinemachineVirtualCameraBaseEditor.cs' contains partial class of Unity.Object, exactly 1 of the partial classes needs to be in a file with the same filename. This is to know the one that can be referenced from ie. GameObjects
'Packages/com.unity.cinemachine/Editor/Editors/CinemachineVirtualCameraBaseEditor.cs' contains partial class of Unity.Object, exactly 1 of the partial classes needs to be in a file with the same filename. This is to know the one that can be referenced from ie. GameObjects
Native extension for WindowsStandalone target not found
Native extension for WebGL target not found
Assembly reference Packages/com.unity.cinemachine/Editor/Samples/ExposeHDRPInternals/HDRP-Editor-ref.asmref has no target assembly definition
[Package Manager] Failed to launch server process. Reason: Unity was launched with the -noUpm command-line argument
[Package Manager] Unable to send message (not connected to server process).
[Package Manager] Cannot connect to Unity Package Manager local server
[Package Manager] Failed to launch server process. Reason: Unity was launched with the -noUpm command-line argument
[Package Manager] Unable to send message (not connected to server process).
[Package Manager] Cannot connect to Unity Package Manager local server
[Package Manager] Failed to launch server process. Reason: Unity was launched with the -noUpm command-line argument
[Package Manager] Unable to send message (not connected to server process).
[Package Manager] Cannot connect to Unity Package Manager local server
ScheduleIndexationOnStartup MainProcess:False IndexOnStartup:True
Mono: successfully reloaded assembly
- Finished resetting the current domain, in  1.350 seconds
Domain Reload Profiling: 2941ms
	BeginReloadAssembly (381ms)
		DisableScriptedObjects (11ms)
		CreateAndSetChildDomain (60ms)
	RebuildCommonClasses (66ms)
	RebuildNativeTypeToScriptingClass (24ms)
	initialDomainReloadingComplete (173ms)
	LoadAllAssembliesAndSetupDomain (947ms)
		LoadAssemblies (662ms)
		AnalyzeDomain (429ms)
			TypeCache.Refresh (319ms)
				TypeCache.ScanAssembly (283ms)
			BuildScriptInfoCaches (87ms)
			ResolveRequiredComponents (18ms)
	FinalizeReload (1351ms)
		SetupLoadedEditorAssemblies (0ms)
			InitializePlatformSupportModulesInManaged (4ms)
			BeforeProcessingInitializeOnLoad (254ms)
			ProcessInitializeOnLoadAttributes (523ms)
			ProcessInitializeOnLoadMethodAttributes (114ms)
			AfterProcessingInitializeOnLoad (18ms)
		AwakeInstancesAfterBackupRestoration (12ms)
Launched and connected shader compiler UnityShaderCompiler.exe after 0.02 seconds
Refreshing native plugins compatible for Editor in 2.76 ms, found 3 plugins.
Unloading 25 Unused Serialized files (Serialized files now loaded: 0)
Unloading 6691 unused Assets / (7.6 MB). Loaded Objects now: 7518.
Memory consumption went from 162.4 MB to 154.8 MB.
Total: 21.319400 ms (FindLiveObjects: 2.666600 ms CreateObjectMapping: 2.305600 ms MarkObjects: 8.725400 ms  DeleteObjects: 7.615300 ms)

========================================================================
Received Import Request.
  Time since last request: 8033.671315 seconds.
  path: Assets/Survivalist/Prefab/Survivalist (3).prefab
  importAddress: Guid(e521c341614c4fb488626afcd4a7bac8) Importer(815301076,1909f56bfc062723c751e8b465ee728b)
Start importing Assets/Survivalist/Prefab/Survivalist (3).prefab using Guid(e521c341614c4fb488626afcd4a7bac8) Importer(815301076,1909f56bfc062723c751e8b465ee728b) (PreviewImporter) -> (Import Result ID: '55c08376d8151084a67cfcf1219a96dd') in 7.0619315 seconds [static and dynamic dependencies]. Details - ImportResultOutputID=8e103e2abbc5eabb8005bc9f3a21e849 DependenciesID=220d65c8e51db1ee00e112d22a092f54 StaticDependenciesID=f68236b43c1bc99b7a54ab734d3cd83e 
Number of updated asset objects reloaded before import = 0Number of asset objects unloaded after import = 255

========================================================================
Received Import Request.
  Time since last request: 2.036551 seconds.
  path: Assets/Survivalist/Materials/Backpack1_Skin3.mat
  importAddress: Guid(daa8d9ddafbf2c3448faa8e6f2b6ae90) Importer(815301076,1909f56bfc062723c751e8b465ee728b)
Start importing Assets/Survivalist/Materials/Backpack1_Skin3.mat using Guid(daa8d9ddafbf2c3448faa8e6f2b6ae90) Importer(815301076,1909f56bfc062723c751e8b465ee728b) (PreviewImporter) -> (Import Result ID: '075c8f09bb52a5322bd0739653bdb028') in 0.1217611 seconds [static and dynamic dependencies]. Details - ImportResultOutputID=b69703a5fb04fd67e60ccba2ead90862 DependenciesID=0d2ef7f8f80141fe8942fcdad6111020 StaticDependenciesID=9d676687193c32be9c16777d002cd648 
Number of updated asset objects reloaded before import = 0Number of asset objects unloaded after import = 6

========================================================================
Received Import Request.
  Time since last request: 0.000043 seconds.
  path: Assets/Survivalist/Materials/Boots3_Skin2.mat
  importAddress: Guid(2c89187d4215b9f4c83dcefb5456897d) Importer(815301076,1909f56bfc062723c751e8b465ee728b)
Start importing Assets/Survivalist/Materials/Boots3_Skin2.mat using Guid(2c89187d4215b9f4c83dcefb5456897d) Importer(815301076,1909f56bfc062723c751e8b465ee728b) (PreviewImporter) -> (Import Result ID: '67af1b1147ce8f788b2535c7a28d4cbf') in 0.0410337 seconds [static and dynamic dependencies]. Details - ImportResultOutputID=a98cb503c9e3670d64504c1ec6d2e892 DependenciesID=8cbd5eb32eed12504692e787b9a41a2a StaticDependenciesID=0b3767820ff373d599203266d9e127b1 
Number of updated asset objects reloaded before import = 0Number of asset objects unloaded after import = 6

========================================================================
Received Import Request.
  Time since last request: 0.000039 seconds.
  path: Assets/Survivalist/Materials/Vest1_Skin2.mat
  importAddress: Guid(433800eadcf133e42b71c8c30a6d86e0) Importer(815301076,1909f56bfc062723c751e8b465ee728b)
Start importing Assets/Survivalist/Materials/Vest1_Skin2.mat using Guid(433800eadcf133e42b71c8c30a6d86e0) Importer(815301076,1909f56bfc062723c751e8b465ee728b) (PreviewImporter) -> (Import Result ID: '5497d8aaa5436fd7c55c6a3ce9d48f88') in 0.0647796 seconds [static and dynamic dependencies]. Details - ImportResultOutputID=d26b6a3cb507824ee5d133bca42c4855 DependenciesID=15d399899743d12a22ab7297cc669e5c StaticDependenciesID=fe5d3e9c7fccb8601db21bf08237b7fe 
Number of updated asset objects reloaded before import = 0Number of asset objects unloaded after import = 6

========================================================================
Received Import Request.
  Time since last request: 0.000053 seconds.
  path: Assets/Survivalist/Materials/Head1.mat
  importAddress: Guid(01e354ee2a262cf40a7b08040b6236fe) Importer(815301076,1909f56bfc062723c751e8b465ee728b)
Start importing Assets/Survivalist/Materials/Head1.mat using Guid(01e354ee2a262cf40a7b08040b6236fe) Importer(815301076,1909f56bfc062723c751e8b465ee728b) (PreviewImporter) -> (Import Result ID: '6655661fbc72e8b565fb587fc7b260c6') in 0.0502606 seconds [static and dynamic dependencies]. Details - ImportResultOutputID=6e13e3e64ab9b4c5ab2296538e367161 DependenciesID=eb31bd152949530c9edf67b0d827d76d StaticDependenciesID=67855f4ab732d0b73f27521629d5e868 
Number of updated asset objects reloaded before import = 0Number of asset objects unloaded after import = 5

========================================================================
Received Import Request.
  Time since last request: 0.000046 seconds.
  path: Assets/Survivalist/Materials/Pants2_Skin1.mat
  importAddress: Guid(39c752ff4621e8f408fe3e0030d2cbce) Importer(815301076,1909f56bfc062723c751e8b465ee728b)
Start importing Assets/Survivalist/Materials/Pants2_Skin1.mat using Guid(39c752ff4621e8f408fe3e0030d2cbce) Importer(815301076,1909f56bfc062723c751e8b465ee728b) (PreviewImporter) -> (Import Result ID: 'f512b80b23610e1b58cad1d9c0abcd1f') in 0.0610431 seconds [static and dynamic dependencies]. Details - ImportResultOutputID=e0213c060ff1c124351c1c7b5c871633 DependenciesID=6dbd460147750027107b0c73a610ba19 StaticDependenciesID=8a5c9b4a1adb69211db2bb5a2442e21d 
Number of updated asset objects reloaded before import = 0Number of asset objects unloaded after import = 6

========================================================================
Received Import Request.
  Time since last request: 0.000097 seconds.
  path: Assets/Survivalist/Materials/Hands1_Skin2.mat
  importAddress: Guid(1f04324fc44f0984596062b227d2375c) Importer(815301076,1909f56bfc062723c751e8b465ee728b)
Start importing Assets/Survivalist/Materials/Hands1_Skin2.mat using Guid(1f04324fc44f0984596062b227d2375c) Importer(815301076,1909f56bfc062723c751e8b465ee728b) (PreviewImporter) -> (Import Result ID: '237299b59797d049cd70a20e10c89937') in 0.0699318 seconds [static and dynamic dependencies]. Details - ImportResultOutputID=7aec098631710a868f11911fca4edd44 DependenciesID=c644ae7f810fe115de1b8bb27fcd5772 StaticDependenciesID=940a13c5ddb52996d03a0520b43fa193 
Number of updated asset objects reloaded before import = 0Number of asset objects unloaded after import = 4

========================================================================
Received Import Request.
  Time since last request: 0.000080 seconds.
  path: Assets/Survivalist/Materials/Cap1_Skin1.mat
  importAddress: Guid(ca362cd434882e7468146d69e8b14eda) Importer(815301076,1909f56bfc062723c751e8b465ee728b)
Start importing Assets/Survivalist/Materials/Cap1_Skin1.mat using Guid(ca362cd434882e7468146d69e8b14eda) Importer(815301076,1909f56bfc062723c751e8b465ee728b) (PreviewImporter) -> (Import Result ID: '94622861c339ce0f22abd3e99d47cbb0') in 0.0553897 seconds [static and dynamic dependencies]. Details - ImportResultOutputID=00b629abf5bf8ede282b5241c8260dd1 DependenciesID=aae2517e03e4d4bd441966c16bd43d0d StaticDependenciesID=09f2294c0547c1ac776f85fbe367a944 
Number of updated asset objects reloaded before import = 0Number of asset objects unloaded after import = 6

========================================================================
Received Import Request.
  Time since last request: 0.000037 seconds.
  path: Assets/Survivalist/Materials/Pants2_Skin2.mat
  importAddress: Guid(91e1bfddab2e07149a6e37f1c74aa6e0) Importer(815301076,1909f56bfc062723c751e8b465ee728b)
Start importing Assets/Survivalist/Materials/Pants2_Skin2.mat using Guid(91e1bfddab2e07149a6e37f1c74aa6e0) Importer(815301076,1909f56bfc062723c751e8b465ee728b) (PreviewImporter) -> (Import Result ID: '4a61de10c62fcd006158c3de673a7fcf') in 0.0664272 seconds [static and dynamic dependencies]. Details - ImportResultOutputID=5fd87c512e29d9cdafb9916972c97eb9 DependenciesID=2501e5e09f7b3b7bf7faeccb2805ed62 StaticDependenciesID=4ce9fe9a9a6ca21835b43e7bf13aa648 
Number of updated asset objects reloaded before import = 0Number of asset objects unloaded after import = 6

========================================================================
Received Import Request.
  Time since last request: 0.000046 seconds.
  path: Assets/Survivalist/Materials/Shirt3_Skin3.mat
  importAddress: Guid(ed70616142da0fc49b90b7515061ffcf) Importer(815301076,1909f56bfc062723c751e8b465ee728b)
Start importing Assets/Survivalist/Materials/Shirt3_Skin3.mat using Guid(ed70616142da0fc49b90b7515061ffcf) Importer(815301076,1909f56bfc062723c751e8b465ee728b) (PreviewImporter) -> (Import Result ID: 'f7a2ec2bd7d2ea186e74295bac2b4f1d') in 0.0636309 seconds [static and dynamic dependencies]. Details - ImportResultOutputID=49d96c9c9164b13e7e1e7f25632cb573 DependenciesID=b9c12ae2bbcd165c7d915a9d28f09380 StaticDependenciesID=6256b60f4e712b58fa20d1c30e7f75bd 
Number of updated asset objects reloaded before import = 0Number of asset objects unloaded after import = 6

========================================================================
Received Import Request.
  Time since last request: 0.000046 seconds.
  path: Assets/Survivalist/Materials/Cap1_Skin4.mat
  importAddress: Guid(3ada2b513534a4a42806251244eefe3d) Importer(815301076,1909f56bfc062723c751e8b465ee728b)
Start importing Assets/Survivalist/Materials/Cap1_Skin4.mat using Guid(3ada2b513534a4a42806251244eefe3d) Importer(815301076,1909f56bfc062723c751e8b465ee728b) (PreviewImporter) -> (Import Result ID: '31884073cd4f590a86fef9d8075cfdbd') in 0.0725546 seconds [static and dynamic dependencies]. Details - ImportResultOutputID=0355b5c0903ce1dc27c9e6e9bacb09cf DependenciesID=c697dcaaa28e4e24ca80f344a47d7140 StaticDependenciesID=5d5d71d7eeedb98d1aa0e2c655d3c1eb 
Number of updated asset objects reloaded before import = 0Number of asset objects unloaded after import = 6

========================================================================
Received Import Request.
  Time since last request: 1.778297 seconds.
  path: Assets/Survivalist/Materials HDRP/HDRP_Backpack1_Skin4.mat
  importAddress: Guid(f02f6c1af6a19f846b20cbef9adb1b30) Importer(815301076,1909f56bfc062723c751e8b465ee728b)
Start importing Assets/Survivalist/Materials HDRP/HDRP_Backpack1_Skin4.mat using Guid(f02f6c1af6a19f846b20cbef9adb1b30) Importer(815301076,1909f56bfc062723c751e8b465ee728b) (PreviewImporter) -> (Import Result ID: '23e966e64e32cea7f059b19617efdfcd') in 0.0634821 seconds [static and dynamic dependencies]. Details - ImportResultOutputID=10b5ddb95a762124aeea35e309c3d359 DependenciesID=68ee0b4e64acbee4ad8b1b802255af59 StaticDependenciesID=40c053a6ff5b2ec064630a3820f06038 
Number of updated asset objects reloaded before import = 0Number of asset objects unloaded after import = 6

========================================================================
Received Import Request.
  Time since last request: 0.000041 seconds.
  path: Assets/Survivalist/Materials HDRP/HDRP_Boots3_Skin1.mat
  importAddress: Guid(9e0546643c83d104a90ae7ca68392bff) Importer(815301076,1909f56bfc062723c751e8b465ee728b)
Start importing Assets/Survivalist/Materials HDRP/HDRP_Boots3_Skin1.mat using Guid(9e0546643c83d104a90ae7ca68392bff) Importer(815301076,1909f56bfc062723c751e8b465ee728b) (PreviewImporter) -> (Import Result ID: '3d49484738546ed66dd1865b46929b00') in 0.022499 seconds [static and dynamic dependencies]. Details - ImportResultOutputID=d4acb8179454a9bbd3eda6af322230ad DependenciesID=5cfb7bea795353c7ddd4d8ee3ba89aa3 StaticDependenciesID=e4cfc342bbddd81c76f9c2f00c3f63c3 
Number of updated asset objects reloaded before import = 0Number of asset objects unloaded after import = 6

========================================================================
Received Import Request.
  Time since last request: 0.000042 seconds.
  path: Assets/Survivalist/Materials HDRP/HDRP_Cap1_Skin3.mat
  importAddress: Guid(52164bfa6fd9ab240bff627ce4c62452) Importer(815301076,1909f56bfc062723c751e8b465ee728b)
Start importing Assets/Survivalist/Materials HDRP/HDRP_Cap1_Skin3.mat using Guid(52164bfa6fd9ab240bff627ce4c62452) Importer(815301076,1909f56bfc062723c751e8b465ee728b) (PreviewImporter) -> (Import Result ID: '4e10f3f575cf61d6f61f202e18c84b92') in 0.0530643 seconds [static and dynamic dependencies]. Details - ImportResultOutputID=1a12366f643931f4699b8c9ac25e1a5d DependenciesID=0a9a3657c4ac55c94f49a8cee04115ed StaticDependenciesID=56bc6b5717dbf21ce8b59088329eb8a5 
Number of updated asset objects reloaded before import = 0Number of asset objects unloaded after import = 6

========================================================================
Received Import Request.
  Time since last request: 0.000034 seconds.
  path: Assets/Survivalist/Materials HDRP/HDRP_Pouches1_Skin1.mat
  importAddress: Guid(cca72710dfb044345b70d40a625086f4) Importer(815301076,1909f56bfc062723c751e8b465ee728b)
Start importing Assets/Survivalist/Materials HDRP/HDRP_Pouches1_Skin1.mat using Guid(cca72710dfb044345b70d40a625086f4) Importer(815301076,1909f56bfc062723c751e8b465ee728b) (PreviewImporter) -> (Import Result ID: 'c3f21fb0d7a4139cc5a82b91a928192b') in 0.0617418 seconds [static and dynamic dependencies]. Details - ImportResultOutputID=da58a17bc461b9616144eaaaef0aaf48 DependenciesID=cb52ad414c10e52e9729b9db0268b3eb StaticDependenciesID=f38b2e89ba541b8a4b623bd266f96057 
Number of updated asset objects reloaded before import = 0Number of asset objects unloaded after import = 6

========================================================================
Received Import Request.
  Time since last request: 0.000042 seconds.
  path: Assets/Survivalist/Materials HDRP/HDRP_Gloves1_Skin2.mat
  importAddress: Guid(d9e036f8f88a8c04ab5b0e31a4c8ce1c) Importer(815301076,1909f56bfc062723c751e8b465ee728b)
Start importing Assets/Survivalist/Materials HDRP/HDRP_Gloves1_Skin2.mat using Guid(d9e036f8f88a8c04ab5b0e31a4c8ce1c) Importer(815301076,1909f56bfc062723c751e8b465ee728b) (PreviewImporter) -> (Import Result ID: '02297aad301e035e42172c2181f8a995') in 0.0835444 seconds [static and dynamic dependencies]. Details - ImportResultOutputID=dcc7e91eec46e5f4255354a721cc2f54 DependenciesID=a667242bd6bc570236f4cb14614de8bf StaticDependenciesID=f4e920414bab5e0b0c760c260a2461ea 
Number of updated asset objects reloaded before import = 0Number of asset objects unloaded after import = 5

========================================================================
Received Import Request.
  Time since last request: 0.000101 seconds.
  path: Assets/Survivalist/Materials HDRP/HDRP_Pouches1_Skin2.mat
  importAddress: Guid(85f31a9731bc6934b8bbde32e3362dfa) Importer(815301076,1909f56bfc062723c751e8b465ee728b)
Start importing Assets/Survivalist/Materials HDRP/HDRP_Pouches1_Skin2.mat using Guid(85f31a9731bc6934b8bbde32e3362dfa) Importer(815301076,1909f56bfc062723c751e8b465ee728b) (PreviewImporter) -> (Import Result ID: 'ef67a59e96ce211bc4f08f0210e4a438') in 0.0798499 seconds [static and dynamic dependencies]. Details - ImportResultOutputID=601b1d6150de5e21fd010f78f80f2bde DependenciesID=d79d8488da13a3201277e7aea33afd7e StaticDependenciesID=e46941e31d373dd15f07052d5e031b50 
Number of updated asset objects reloaded before import = 0Number of asset objects unloaded after import = 6

========================================================================
Received Import Request.
  Time since last request: 0.000030 seconds.
  path: Assets/Survivalist/Materials HDRP/HDRP_FPS_Hands1_Skin1.mat
  importAddress: Guid(443cc63146bff3b44b314de406e8d507) Importer(815301076,1909f56bfc062723c751e8b465ee728b)
Start importing Assets/Survivalist/Materials HDRP/HDRP_FPS_Hands1_Skin1.mat using Guid(443cc63146bff3b44b314de406e8d507) Importer(815301076,1909f56bfc062723c751e8b465ee728b) (PreviewImporter) -> (Import Result ID: 'b6d44f446405b1cb67d2f1a51f68d65a') in 0.0581055 seconds [static and dynamic dependencies]. Details - ImportResultOutputID=0a0b007e0bf52ac597c7badfe036d6a9 DependenciesID=38c5cd1e8123c0accc8f4be5272be365 StaticDependenciesID=dc1a5a767f63c53d76e28c294b7afdc5 
Number of updated asset objects reloaded before import = 0Number of asset objects unloaded after import = 5

========================================================================
Received Import Request.
  Time since last request: 0.000087 seconds.
  path: Assets/Survivalist/Materials HDRP/HDRP_Vest1_Skin1.mat
  importAddress: Guid(51f173ca9dccfe049bd0657a354ddfe5) Importer(815301076,1909f56bfc062723c751e8b465ee728b)
Start importing Assets/Survivalist/Materials HDRP/HDRP_Vest1_Skin1.mat using Guid(51f173ca9dccfe049bd0657a354ddfe5) Importer(815301076,1909f56bfc062723c751e8b465ee728b) (PreviewImporter) -> (Import Result ID: 'f5ffc6c9f052fc97a521aade9d4ddff5') in 0.038533 seconds [static and dynamic dependencies]. Details - ImportResultOutputID=1388bdc52838bf8e7ad6730a9fbff806 DependenciesID=2ffe92f0bd17842c7738911d73468c59 StaticDependenciesID=074f75b9526d3efedfc8bede9c62f944 
Number of updated asset objects reloaded before import = 0Number of asset objects unloaded after import = 6

========================================================================
Received Import Request.
  Time since last request: 0.000096 seconds.
  path: Assets/Survivalist/Materials HDRP/HDRP_Vest1_Skin2.mat
  importAddress: Guid(80ea27ed5b44dcc4fa4eb46a7cfcce44) Importer(815301076,1909f56bfc062723c751e8b465ee728b)
Start importing Assets/Survivalist/Materials HDRP/HDRP_Vest1_Skin2.mat using Guid(80ea27ed5b44dcc4fa4eb46a7cfcce44) Importer(815301076,1909f56bfc062723c751e8b465ee728b) (PreviewImporter) -> (Import Result ID: '611b092f6a6509a7e9ae7dc009a10f10') in 0.0524894 seconds [static and dynamic dependencies]. Details - ImportResultOutputID=0ba89ddebf93da1e94af1f0486ef735e DependenciesID=465dfb314b01efe3247b5877138fb879 StaticDependenciesID=4766b438a52436cf8fa25240291cc43f 
Number of updated asset objects reloaded before import = 0Number of asset objects unloaded after import = 6

========================================================================
Received Import Request.
  Time since last request: 0.000045 seconds.
  path: Assets/Survivalist/Materials HDRP/HDRP_Cap1_Skin1.mat
  importAddress: Guid(0391a74cc3107a84f8c186625497d992) Importer(815301076,1909f56bfc062723c751e8b465ee728b)
Start importing Assets/Survivalist/Materials HDRP/HDRP_Cap1_Skin1.mat using Guid(0391a74cc3107a84f8c186625497d992) Importer(815301076,1909f56bfc062723c751e8b465ee728b) (PreviewImporter) -> (Import Result ID: 'ad84b51e15aceb8573367725723feb54') in 0.0469787 seconds [static and dynamic dependencies]. Details - ImportResultOutputID=812c806ecf5126eb1085521acd3a05d0 DependenciesID=e2175cd3ae23bb4016a57a6684fbe84c StaticDependenciesID=9f120a2b6a08c537c23ee154094222b9 
Number of updated asset objects reloaded before import = 0Number of asset objects unloaded after import = 6

========================================================================
Received Import Request.
  Time since last request: 18.660728 seconds.
  path: Assets/Idyllic Fantasy Nature/Demo/Settings/Land_Terrain.asset
  importAddress: Guid(ff8b9b6b546d9b24797c6ea38cfebcaa) Importer(2089858483,b0f066a214c2f5e87bad3c948f4d605d)
Start importing Assets/Idyllic Fantasy Nature/Demo/Settings/Land_Terrain.asset using Guid(ff8b9b6b546d9b24797c6ea38cfebcaa) Importer(2089858483,b0f066a214c2f5e87bad3c948f4d605d) (ScriptedImporter) -> (Import Result ID: 'be58a0c5fcbb6ee290e2af70aefed307') in 0.2060811 seconds [static and dynamic dependencies]. Details - ImportResultOutputID=1043c229c6b2e1f2aa5df94f247457d2 DependenciesID=0591b0be61b2591ef10efb7e211b49b6 StaticDependenciesID=616bc9e6175b741b3163794a334f42a8 
Number of updated asset objects reloaded before import = 0Number of asset objects unloaded after import = 212

========================================================================
Received Import Request.
  Time since last request: 0.000125 seconds.
  path: Assets/Survivalist/StarterAssets/Environment/Art/Materials/GridBlue_01_Mat.mat
  importAddress: Guid(ff188f58422043f489060e28a5e4e0c0) Importer(2089858483,b0f066a214c2f5e87bad3c948f4d605d)
Start importing Assets/Survivalist/StarterAssets/Environment/Art/Materials/GridBlue_01_Mat.mat using Guid(ff188f58422043f489060e28a5e4e0c0) Importer(2089858483,b0f066a214c2f5e87bad3c948f4d605d) (ScriptedImporter) -> (Import Result ID: 'a8997092fad88ffe4487fa66e6ce8cb5') in 0.0321662 seconds [static and dynamic dependencies]. Details - ImportResultOutputID=bb3a1c43b9eb4365cbbdfd0dfb79548a DependenciesID=14f31ef6da54feb8d1d3506415a85171 StaticDependenciesID=d36c9481282211e97e2076cf5c1f04e4 
Number of updated asset objects reloaded before import = 0Number of asset objects unloaded after import = 4

========================================================================
Received Import Request.
  Time since last request: 3498.094056 seconds.
  path: Assets/Idyllic Fantasy Nature/Demo/Demo.unity
  importAddress: Guid(00ad17d337a65f940adcf6e7def9f43e) Importer(2089858483,b0f066a214c2f5e87bad3c948f4d605d)
Start importing Assets/Idyllic Fantasy Nature/Demo/Demo.unity using Guid(00ad17d337a65f940adcf6e7def9f43e) Importer(2089858483,b0f066a214c2f5e87bad3c948f4d605d) (ScriptedImporter) -> (Import Result ID: '3ca071df79458bb948ed3369790a5af1') in 0.075257 seconds [static and dynamic dependencies]. Details - ImportResultOutputID=f205ba04404823627505693a1d8aaed3 DependenciesID=eee842862df4d99a70302693d3a38a84 StaticDependenciesID=75cf01f918288deb05f4c8e5c7fb239d 
Number of updated asset objects reloaded before import = 0Number of asset objects unloaded after import = 1

